<?xml version="1.0" encoding="UTF-8"?>
<!-- Generated by org.testng.reporters.JUnitReportReporter -->
<testsuite hostname="LAPTOP-0V80V27A" failures="0" tests="1" name="runner.RestAssuredRunner" time="6.697" errors="0" timestamp="2023-08-10T18:10:56 IST" skipped="0">
  <testcase classname="runner.RestAssuredRunner" name="runScenario" time="6.697"/>
</testsuite> <!-- runner.RestAssuredRunner -->
